android/app/build/intermediates/manifest_merge_blame_file/debug/processDebugMainManifest/manifest-merger-blame-debug-report.txt
1<?xml version="1.0" encoding="utf-8"?>
2<manifest xmlns:android="http://schemas.android.com/apk/res/android"
3    package="com.nidlefinishing"
4    android:versionCode="1"
5    android:versionName="1.0" >
6
7    <uses-sdk
8        android:minSdkVersion="23"
9        android:targetSdkVersion="34" />
10
11    <uses-permission android:name="android.permission.INTERNET" />
11-->src/main/AndroidManifest.xml:3:5-67
11-->src/main/AndroidManifest.xml:3:22-64
12    <uses-permission android:name="android.permission.ACCESS_NETWORK_STATE" />
12-->[:react-native-community_netinfo] AndroidManifest.xml:7:5-79
12-->[:react-native-community_netinfo] AndroidManifest.xml:7:22-76
13    <uses-permission android:name="android.permission.ACCESS_WIFI_STATE" />
13-->[:react-native-community_netinfo] AndroidManifest.xml:8:5-76
13-->[:react-native-community_netinfo] AndroidManifest.xml:8:22-73
14    <!--
15    This manifest file is used only by Gradle to configure debug-only capabilities
16    for React Native Apps.
17    -->
18    <uses-permission android:name="android.permission.SYSTEM_ALERT_WINDOW" />
18-->[com.facebook.react:react-android:0.75.2] AndroidManifest.xml:16:5-78
18-->[com.facebook.react:react-android:0.75.2] AndroidManifest.xml:16:22-75
19
20    <queries>
20-->[androidx.camera:camera-extensions:1.5.0-alpha01] AndroidManifest.xml:22:5-26:15
21        <intent>
21-->[androidx.camera:camera-extensions:1.5.0-alpha01] AndroidManifest.xml:23:9-25:18
22            <action android:name="androidx.camera.extensions.action.VENDOR_ACTION" />
22-->[androidx.camera:camera-extensions:1.5.0-alpha01] AndroidManifest.xml:24:13-86
22-->[androidx.camera:camera-extensions:1.5.0-alpha01] AndroidManifest.xml:24:21-83
23        </intent>
24    </queries> <!-- Required by older versions of Google Play services to create IID tokens -->
25    <uses-permission android:name="com.google.android.c2dm.permission.RECEIVE" />
25-->[com.google.android.gms:play-services-iid:17.0.0] AndroidManifest.xml:23:5-82
25-->[com.google.android.gms:play-services-iid:17.0.0] AndroidManifest.xml:23:22-79
26
27    <permission
27-->[androidx.core:core:1.9.0] AndroidManifest.xml:22:5-24:47
28        android:name="com.nidlefinishing.DYNAMIC_RECEIVER_NOT_EXPORTED_PERMISSION"
28-->[androidx.core:core:1.9.0] AndroidManifest.xml:23:9-81
29        android:protectionLevel="signature" />
29-->[androidx.core:core:1.9.0] AndroidManifest.xml:24:9-44
30
31    <uses-permission android:name="com.nidlefinishing.DYNAMIC_RECEIVER_NOT_EXPORTED_PERMISSION" />
31-->[androidx.core:core:1.9.0] AndroidManifest.xml:26:5-97
31-->[androidx.core:core:1.9.0] AndroidManifest.xml:26:22-94
32    <uses-permission android:name="com.google.android.finsky.permission.BIND_GET_INSTALL_REFERRER_SERVICE" />
32-->[com.android.installreferrer:installreferrer:1.1.2] AndroidManifest.xml:9:5-110
32-->[com.android.installreferrer:installreferrer:1.1.2] AndroidManifest.xml:9:22-107
33
34    <application
34-->src/main/AndroidManifest.xml:5:5-25:19
35        android:name="com.nidlefinishing.MainApplication"
35-->src/main/AndroidManifest.xml:6:7-38
36        android:allowBackup="false"
36-->src/main/AndroidManifest.xml:10:7-34
37        android:appComponentFactory="androidx.core.app.CoreComponentFactory"
37-->[androidx.core:core:1.9.0] AndroidManifest.xml:28:18-86
38        android:debuggable="true"
39        android:extractNativeLibs="false"
40        android:icon="@mipmap/ic_launcher"
40-->src/main/AndroidManifest.xml:8:7-41
41        android:label="@string/app_name"
41-->src/main/AndroidManifest.xml:7:7-39
42        android:roundIcon="@mipmap/ic_launcher_round"
42-->src/main/AndroidManifest.xml:9:7-52
43        android:supportsRtl="true"
43-->src/main/AndroidManifest.xml:12:7-33
44        android:theme="@style/AppTheme"
44-->src/main/AndroidManifest.xml:11:7-38
45        android:usesCleartextTraffic="true" >
45-->src/debug/AndroidManifest.xml:6:9-44
46        <activity
46-->src/main/AndroidManifest.xml:13:7-24:18
47            android:name="com.nidlefinishing.MainActivity"
47-->src/main/AndroidManifest.xml:14:9-37
48            android:configChanges="keyboard|keyboardHidden|orientation|screenLayout|screenSize|smallestScreenSize|uiMode"
48-->src/main/AndroidManifest.xml:16:9-118
49            android:exported="true"
49-->src/main/AndroidManifest.xml:19:9-32
50            android:label="@string/app_name"
50-->src/main/AndroidManifest.xml:15:9-41
51            android:launchMode="singleTask"
51-->src/main/AndroidManifest.xml:17:9-40
52            android:windowSoftInputMode="adjustResize" >
52-->src/main/AndroidManifest.xml:18:9-51
53            <intent-filter>
53-->src/main/AndroidManifest.xml:20:9-23:25
54                <action android:name="android.intent.action.MAIN" />
54-->src/main/AndroidManifest.xml:21:13-65
54-->src/main/AndroidManifest.xml:21:21-62
55
56                <category android:name="android.intent.category.LAUNCHER" />
56-->src/main/AndroidManifest.xml:22:13-73
56-->src/main/AndroidManifest.xml:22:23-70
57            </intent-filter>
58        </activity>
59
60        <meta-data
60-->[:sentry_react-native] AndroidManifest.xml:11:9-13:37
61            android:name="io.sentry.auto-init"
61-->[:sentry_react-native] AndroidManifest.xml:12:13-47
62            android:value="false" />
62-->[:sentry_react-native] AndroidManifest.xml:13:13-34
63
64        <activity
64-->[com.facebook.react:react-android:0.75.2] AndroidManifest.xml:19:9-21:40
65            android:name="com.facebook.react.devsupport.DevSettingsActivity"
65-->[com.facebook.react:react-android:0.75.2] AndroidManifest.xml:20:13-77
66            android:exported="false" />
66-->[com.facebook.react:react-android:0.75.2] AndroidManifest.xml:21:13-37
67
68        <uses-library
68-->[androidx.camera:camera-extensions:1.5.0-alpha01] AndroidManifest.xml:29:9-31:40
69            android:name="androidx.camera.extensions.impl"
69-->[androidx.camera:camera-extensions:1.5.0-alpha01] AndroidManifest.xml:30:13-59
70            android:required="false" />
70-->[androidx.camera:camera-extensions:1.5.0-alpha01] AndroidManifest.xml:31:13-37
71
72        <service
72-->[androidx.camera:camera-camera2:1.5.0-alpha01] AndroidManifest.xml:24:9-33:19
73            android:name="androidx.camera.core.impl.MetadataHolderService"
73-->[androidx.camera:camera-camera2:1.5.0-alpha01] AndroidManifest.xml:25:13-75
74            android:enabled="false"
74-->[androidx.camera:camera-camera2:1.5.0-alpha01] AndroidManifest.xml:26:13-36
75            android:exported="false" >
75-->[androidx.camera:camera-camera2:1.5.0-alpha01] AndroidManifest.xml:27:13-37
76            <meta-data
76-->[androidx.camera:camera-camera2:1.5.0-alpha01] AndroidManifest.xml:30:13-32:89
77                android:name="androidx.camera.core.impl.MetadataHolderService.DEFAULT_CONFIG_PROVIDER"
77-->[androidx.camera:camera-camera2:1.5.0-alpha01] AndroidManifest.xml:31:17-103
78                android:value="androidx.camera.camera2.Camera2Config$DefaultProvider" />
78-->[androidx.camera:camera-camera2:1.5.0-alpha01] AndroidManifest.xml:32:17-86
79        </service>
80        <service
80-->[com.google.android.gms:play-services-mlkit-barcode-scanning:18.3.1] AndroidManifest.xml:9:9-15:19
81            android:name="com.google.mlkit.common.internal.MlKitComponentDiscoveryService"
81-->[com.google.android.gms:play-services-mlkit-barcode-scanning:18.3.1] AndroidManifest.xml:10:13-91
82            android:directBootAware="true"
82-->[com.google.mlkit:common:18.11.0] AndroidManifest.xml:17:13-43
83            android:exported="false" >
83-->[com.google.android.gms:play-services-mlkit-barcode-scanning:18.3.1] AndroidManifest.xml:11:13-37
84            <meta-data
84-->[com.google.android.gms:play-services-mlkit-barcode-scanning:18.3.1] AndroidManifest.xml:12:13-14:85
85                android:name="com.google.firebase.components:com.google.mlkit.vision.barcode.internal.BarcodeRegistrar"
85-->[com.google.android.gms:play-services-mlkit-barcode-scanning:18.3.1] AndroidManifest.xml:13:17-120
86                android:value="com.google.firebase.components.ComponentRegistrar" />
86-->[com.google.android.gms:play-services-mlkit-barcode-scanning:18.3.1] AndroidManifest.xml:14:17-82
87            <meta-data
87-->[com.google.mlkit:vision-common:17.3.0] AndroidManifest.xml:12:13-14:85
88                android:name="com.google.firebase.components:com.google.mlkit.vision.common.internal.VisionCommonRegistrar"
88-->[com.google.mlkit:vision-common:17.3.0] AndroidManifest.xml:13:17-124
89                android:value="com.google.firebase.components.ComponentRegistrar" />
89-->[com.google.mlkit:vision-common:17.3.0] AndroidManifest.xml:14:17-82
90            <meta-data
90-->[com.google.mlkit:common:18.11.0] AndroidManifest.xml:20:13-22:85
91                android:name="com.google.firebase.components:com.google.mlkit.common.internal.CommonComponentRegistrar"
91-->[com.google.mlkit:common:18.11.0] AndroidManifest.xml:21:17-120
92                android:value="com.google.firebase.components.ComponentRegistrar" />
92-->[com.google.mlkit:common:18.11.0] AndroidManifest.xml:22:17-82
93        </service>
94
95        <provider
95-->[com.google.mlkit:common:18.11.0] AndroidManifest.xml:9:9-13:38
96            android:name="com.google.mlkit.common.internal.MlKitInitProvider"
96-->[com.google.mlkit:common:18.11.0] AndroidManifest.xml:10:13-78
97            android:authorities="com.nidlefinishing.mlkitinitprovider"
97-->[com.google.mlkit:common:18.11.0] AndroidManifest.xml:11:13-69
98            android:exported="false"
98-->[com.google.mlkit:common:18.11.0] AndroidManifest.xml:12:13-37
99            android:initOrder="99" />
99-->[com.google.mlkit:common:18.11.0] AndroidManifest.xml:13:13-35
100
101        <activity
101-->[com.google.android.gms:play-services-base:18.5.0] AndroidManifest.xml:5:9-173
102            android:name="com.google.android.gms.common.api.GoogleApiActivity"
102-->[com.google.android.gms:play-services-base:18.5.0] AndroidManifest.xml:5:19-85
103            android:exported="false"
103-->[com.google.android.gms:play-services-base:18.5.0] AndroidManifest.xml:5:146-170
104            android:theme="@android:style/Theme.Translucent.NoTitleBar" />
104-->[com.google.android.gms:play-services-base:18.5.0] AndroidManifest.xml:5:86-145
105
106        <meta-data
106-->[com.google.android.gms:play-services-basement:18.4.0] AndroidManifest.xml:6:9-122
107            android:name="com.google.android.gms.version"
107-->[com.google.android.gms:play-services-basement:18.4.0] AndroidManifest.xml:6:20-65
108            android:value="@integer/google_play_services_version" /> <!-- 'android:authorities' must be unique in the device, across all apps -->
108-->[com.google.android.gms:play-services-basement:18.4.0] AndroidManifest.xml:6:66-119
109        <provider
109-->[io.sentry:sentry-android-core:7.14.0] AndroidManifest.xml:12:9-15:40
110            android:name="io.sentry.android.core.SentryInitProvider"
110-->[io.sentry:sentry-android-core:7.14.0] AndroidManifest.xml:13:13-69
111            android:authorities="com.nidlefinishing.SentryInitProvider"
111-->[io.sentry:sentry-android-core:7.14.0] AndroidManifest.xml:14:13-70
112            android:exported="false" />
112-->[io.sentry:sentry-android-core:7.14.0] AndroidManifest.xml:15:13-37
113        <provider
113-->[io.sentry:sentry-android-core:7.14.0] AndroidManifest.xml:16:9-20:39
114            android:name="io.sentry.android.core.SentryPerformanceProvider"
114-->[io.sentry:sentry-android-core:7.14.0] AndroidManifest.xml:17:13-76
115            android:authorities="com.nidlefinishing.SentryPerformanceProvider"
115-->[io.sentry:sentry-android-core:7.14.0] AndroidManifest.xml:18:13-77
116            android:exported="false"
116-->[io.sentry:sentry-android-core:7.14.0] AndroidManifest.xml:19:13-37
117            android:initOrder="200" />
117-->[io.sentry:sentry-android-core:7.14.0] AndroidManifest.xml:20:13-36
118        <provider
118-->[androidx.emoji2:emoji2:1.2.0] AndroidManifest.xml:24:9-32:20
119            android:name="androidx.startup.InitializationProvider"
119-->[androidx.emoji2:emoji2:1.2.0] AndroidManifest.xml:25:13-67
120            android:authorities="com.nidlefinishing.androidx-startup"
120-->[androidx.emoji2:emoji2:1.2.0] AndroidManifest.xml:26:13-68
121            android:exported="false" >
121-->[androidx.emoji2:emoji2:1.2.0] AndroidManifest.xml:27:13-37
122            <meta-data
122-->[androidx.emoji2:emoji2:1.2.0] AndroidManifest.xml:29:13-31:52
123                android:name="androidx.emoji2.text.EmojiCompatInitializer"
123-->[androidx.emoji2:emoji2:1.2.0] AndroidManifest.xml:30:17-75
124                android:value="androidx.startup" />
124-->[androidx.emoji2:emoji2:1.2.0] AndroidManifest.xml:31:17-49
125            <meta-data
125-->[androidx.lifecycle:lifecycle-process:2.4.1] AndroidManifest.xml:31:13-33:52
126                android:name="androidx.lifecycle.ProcessLifecycleInitializer"
126-->[androidx.lifecycle:lifecycle-process:2.4.1] AndroidManifest.xml:32:17-78
127                android:value="androidx.startup" />
127-->[androidx.lifecycle:lifecycle-process:2.4.1] AndroidManifest.xml:33:17-49
128        </provider>
129
130        <service
130-->[com.google.android.datatransport:transport-backend-cct:2.3.3] AndroidManifest.xml:29:9-35:19
131            android:name="com.google.android.datatransport.runtime.backends.TransportBackendDiscovery"
131-->[com.google.android.datatransport:transport-backend-cct:2.3.3] AndroidManifest.xml:30:13-103
132            android:exported="false" >
132-->[com.google.android.datatransport:transport-backend-cct:2.3.3] AndroidManifest.xml:31:13-37
133            <meta-data
133-->[com.google.android.datatransport:transport-backend-cct:2.3.3] AndroidManifest.xml:32:13-34:39
134                android:name="backend:com.google.android.datatransport.cct.CctBackendFactory"
134-->[com.google.android.datatransport:transport-backend-cct:2.3.3] AndroidManifest.xml:33:17-94
135                android:value="cct" />
135-->[com.google.android.datatransport:transport-backend-cct:2.3.3] AndroidManifest.xml:34:17-36
136        </service>
137        <service
137-->[com.google.android.datatransport:transport-runtime:2.2.6] AndroidManifest.xml:26:9-30:19
138            android:name="com.google.android.datatransport.runtime.scheduling.jobscheduling.JobInfoSchedulerService"
138-->[com.google.android.datatransport:transport-runtime:2.2.6] AndroidManifest.xml:27:13-117
139            android:exported="false"
139-->[com.google.android.datatransport:transport-runtime:2.2.6] AndroidManifest.xml:28:13-37
140            android:permission="android.permission.BIND_JOB_SERVICE" >
140-->[com.google.android.datatransport:transport-runtime:2.2.6] AndroidManifest.xml:29:13-69
141        </service>
142
143        <receiver
143-->[com.google.android.datatransport:transport-runtime:2.2.6] AndroidManifest.xml:32:9-34:40
144            android:name="com.google.android.datatransport.runtime.scheduling.jobscheduling.AlarmManagerSchedulerBroadcastReceiver"
144-->[com.google.android.datatransport:transport-runtime:2.2.6] AndroidManifest.xml:33:13-132
145            android:exported="false" />
145-->[com.google.android.datatransport:transport-runtime:2.2.6] AndroidManifest.xml:34:13-37
146
147        <meta-data
147-->[com.facebook.soloader:soloader:0.11.0] AndroidManifest.xml:12:9-14:37
148            android:name="com.facebook.soloader.enabled"
148-->[com.facebook.soloader:soloader:0.11.0] AndroidManifest.xml:13:13-57
149            android:value="false" />
149-->[com.facebook.soloader:soloader:0.11.0] AndroidManifest.xml:14:13-34
150    </application>
151
152</manifest>